
> unified-console@1.0.0 dev
> next dev -p 5000

   ▲ Next.js 16.0.3 (Turbopack)
   - Local:         http://localhost:5000
   - Network:       http://192.168.0.2:5000
   - Experiments (use with caution):
     · serverActions

 ✓ Starting...
Attention: Next.js now collects completely anonymous telemetry regarding usage.
This information is used to shape Next.js' roadmap and prioritize features.
You can learn more, including how to opt-out if you'd not like to participate in this anonymous program, by visiting the following URL:
https://nextjs.org/telemetry

[baseline-browser-mapping] The data in this module is over two months old.  To ensure accurate Baseline data, please update: `npm i baseline-browser-mapping@latest -D`
 ✓ Ready in 868ms
[baseline-browser-mapping] The data in this module is over two months old.  To ensure accurate Baseline data, please update: `npm i baseline-browser-mapping@latest -D`
(node:2671) [MODULE_TYPELESS_PACKAGE_JSON] Warning: Module type of file:///app/postcss.config.js is not specified and it doesn't parse as CommonJS.
Reparsing as ES module because module syntax was detected. This incurs a performance overhead.
To eliminate this warning, add "type": "module" to /app/package.json.
(Use `node --trace-warnings ...` to show where the warning was created)
 ○ Compiling /dashboard/settings ...
 GET /dashboard/settings 200 in 8.6s (compile: 8.0s, render: 666ms)
